                  :-) GROMACS - gmx mdrun, 2024.5-Homebrew (-:

Copyright 1991-2024 The GROMACS Authors.
GROMACS is free software; you can redistribute it and/or modify it
under the terms of the GNU Lesser General Public License
as published by the Free Software Foundation; either version 2.1
of the License, or (at your option) any later version.

                         Current GROMACS contributors:
       Mark Abraham           Andrey Alekseenko           Vladimir Basov      
      Cathrine Bergh            Eliane Briand               Ania Brown        
      Mahesh Doijade            Giacomo Fiorin          Stefan Fleischmann    
      Sergey Gorelov         Gilles Gouaillardet            Alan Gray         
     M. Eric Irrgang         Farzaneh Jalalypour            Joe Jordan        
     Carsten Kutzner           Justin A. Lemkul          Magnus Lundborg      
       Pascal Merz              Vedran Miletic            Dmitry Morozov      
       Julien Nabet              Szilard Pall        Andrea Pasquadibisceglie 
    Michele Pellegrino          Hubert Santuz             Roland Schulz       
     Tatiana Shugaeva          Alexey Shvetsov            Philip Turner       
     Alessandra Villa      Sebastian Wingbermuehle  

                         Previous GROMACS contributors:
        Emile Apol             Rossen Apostolov           James Barnett       
        Paul Bauer          Herman J.C. Berendsen          Par Bjelkmar       
      Christian Blau          Viacheslav Bolnykh            Kevin Boyd        
    Aldert van Buuren          Carlo Camilloni           Rudi van Drunen      
      Anton Feenstra           Oliver Fleetwood            Vytas Gapsys       
       Gaurav Garg             Gerrit Groenhof            Bert de Groot       
      Anca Hamuraru           Vincent Hindriksen          Victor Holanda      
     Aleksei Iupinov          Christoph Junghans        Prashanth Kanduri     
   Dimitrios Karkoulis           Peter Kasson             Sebastian Kehl      
     Sebastian Keller             Jiri Kraus               Per Larsson        
      Viveca Lindahl            Erik Marklund           Pieter Meulenhoff     
      Teemu Murtola              Sander Pronk             Michael Shirts      
      Alfons Sijbers            Balint Soproni         David van der Spoel    
      Peter Tieleman            Carsten Uphoff             Jon Vincent        
     Teemu Virolainen         Christian Wennberg           Maarten Wolf       
      Artem Zhmurov       

                  Coordinated by the GROMACS project leaders:
                           Berk Hess and Erik Lindahl

GROMACS:      gmx mdrun, version 2024.5-Homebrew
Executable:   /opt/homebrew/bin/../Cellar/gromacs/2024.5/bin/gmx
Data prefix:  /opt/homebrew/bin/../Cellar/gromacs/2024.5
Working dir:  /Users/danielcondetorres/Desktop/GUARDA_PROYECTO/YAP-TAZ-TEAD/Code/Working_Area
Process ID:   5899
Command line:
  gmx mdrun -v -deffnm ../Output/eq -ntmpi 4

GROMACS version:     2024.5-Homebrew
Precision:           mixed
Memory model:        64 bit
MPI library:         thread_mpi
OpenMP support:      enabled (GMX_OPENMP_MAX_THREADS = 128)
GPU support:         disabled
SIMD instructions:   ARM_NEON_ASIMD
CPU FFT library:     fftw-3.3.10
GPU FFT library:     none
Multi-GPU FFT:       none
TNG support:         enabled
Hwloc support:       disabled
Tracing support:     disabled
C compiler:          /opt/homebrew/opt/gcc/bin/gcc-14
C compiler flags:    -fexcess-precision=fast -funroll-all-loops -Wno-missing-field-initializers -O3 -DNDEBUG
C++ compiler:        /opt/homebrew/opt/gcc/bin/g++-14
C++ compiler flags:  -fexcess-precision=fast -funroll-all-loops -Wno-missing-field-initializers -Weverything -Wno-c++98-compat -Wno-c++98-compat-pedantic -Wno-return-std-move-in-c++11 -Wno-source-uses-openmp -Wno-c++17-extensions -Wno-documentation-unknown-command -Wno-covered-switch-default -Wno-switch-enum -Wno-switch-default -Wno-extra-semi-stmt -Wno-weak-vtables -Wno-shadow -Wno-padded -Wno-reserved-id-macro -Wno-double-promotion -Wno-exit-time-destructors -Wno-global-constructors -Wno-documentation -Wno-format-nonliteral -Wno-used-but-marked-unused -Wno-float-equal -Wno-conditional-uninitialized -Wno-conversion -Wno-disabled-macro-expansion -Wno-unused-macros -Wno-unsafe-buffer-usage -Wno-cast-function-type-strict SHELL:-fopenmp -O3 -DNDEBUG
BLAS library:        External - detected on the system
LAPACK library:      External - detected on the system


Running on 1 node with total 0 processing units
Hardware detected on host MacBook-Pro-de-Daniel.local:
  CPU info:
    Vendor: ARM
    Brand:  Unknown CPU brand
    Family: 0   Model: 0   Stepping: 0
    Features: neon neon_asimd
  Hardware topology: Only logical processor count
    CPU limit set by OS: -1   Recommended max number of threads: 16


++++ PLEASE READ AND CITE THE FOLLOWING REFERENCE ++++
M. J. Abraham, T. Murtola, R. Schulz, S. Páll, J. C. Smith, B. Hess, E.
Lindahl
GROMACS: High performance molecular simulations through multi-level
parallelism from laptops to supercomputers
SoftwareX 1 (2015) pp. 19-25
-------- -------- --- Thank You --- -------- --------


++++ PLEASE READ AND CITE THE FOLLOWING REFERENCE ++++
S. Páll, M. J. Abraham, C. Kutzner, B. Hess, E. Lindahl
Tackling Exascale Software Challenges in Molecular Dynamics Simulations with
GROMACS
In S. Markidis & E. Laure (Eds.), Solving Software Challenges for Exascale 8759 (2015) pp. 3-27
-------- -------- --- Thank You --- -------- --------


++++ PLEASE READ AND CITE THE FOLLOWING REFERENCE ++++
S. Pronk, S. Páll, R. Schulz, P. Larsson, P. Bjelkmar, R. Apostolov, M. R.
Shirts, J. C. Smith, P. M. Kasson, D. van der Spoel, B. Hess, and E. Lindahl
GROMACS 4.5: a high-throughput and highly parallel open source molecular
simulation toolkit
Bioinformatics 29 (2013) pp. 845-54
-------- -------- --- Thank You --- -------- --------


++++ PLEASE READ AND CITE THE FOLLOWING REFERENCE ++++
B. Hess and C. Kutzner and D. van der Spoel and E. Lindahl
GROMACS 4: Algorithms for highly efficient, load-balanced, and scalable
molecular simulation
J. Chem. Theory Comput. 4 (2008) pp. 435-447
-------- -------- --- Thank You --- -------- --------


++++ PLEASE READ AND CITE THE FOLLOWING REFERENCE ++++
D. van der Spoel, E. Lindahl, B. Hess, G. Groenhof, A. E. Mark and H. J. C.
Berendsen
GROMACS: Fast, Flexible and Free
J. Comp. Chem. 26 (2005) pp. 1701-1719
-------- -------- --- Thank You --- -------- --------


++++ PLEASE READ AND CITE THE FOLLOWING REFERENCE ++++
E. Lindahl and B. Hess and D. van der Spoel
GROMACS 3.0: A package for molecular simulation and trajectory analysis
J. Mol. Mod. 7 (2001) pp. 306-317
-------- -------- --- Thank You --- -------- --------


++++ PLEASE READ AND CITE THE FOLLOWING REFERENCE ++++
H. J. C. Berendsen, D. van der Spoel and R. van Drunen
GROMACS: A message-passing parallel molecular dynamics implementation
Comp. Phys. Comm. 91 (1995) pp. 43-56
-------- -------- --- Thank You --- -------- --------

Input Parameters:
   integrator                     = md
   tinit                          = 0
   dt                             = 0.002
   nsteps                         = 10000
   init-step                      = 0
   simulation-part                = 1
   mts                            = false
   mass-repartition-factor        = 1
   comm-mode                      = Linear
   nstcomm                        = 100
   bd-fric                        = 0
   ld-seed                        = -471415281
   emtol                          = 10
   emstep                         = 0.01
   niter                          = 20
   fcstep                         = 0
   nstcgsteep                     = 1000
   nbfgscorr                      = 10
   rtpi                           = 0.05
   nstxout                        = 500
   nstvout                        = 500
   nstfout                        = 0
   nstlog                         = 500
   nstcalcenergy                  = 100
   nstenergy                      = 500
   nstxout-compressed             = 0
   compressed-x-precision         = 1000
   cutoff-scheme                  = Verlet
   nstlist                        = 10
   pbc                            = xyz
   periodic-molecules             = false
   verlet-buffer-tolerance        = 0.005
   verlet-buffer-pressure-tolerance = 0.5
   rlist                          = 1
   coulombtype                    = PME
   coulomb-modifier               = Potential-shift
   rcoulomb-switch                = 0
   rcoulomb                       = 1
   epsilon-r                      = 1
   epsilon-rf                     = inf
   vdw-type                       = Cut-off
   vdw-modifier                   = Potential-shift
   rvdw-switch                    = 0
   rvdw                           = 1
   DispCorr                       = EnerPres
   table-extension                = 1
   fourierspacing                 = 0.16
   fourier-nx                     = 56
   fourier-ny                     = 56
   fourier-nz                     = 56
   pme-order                      = 4
   ewald-rtol                     = 1e-05
   ewald-rtol-lj                  = 0.001
   lj-pme-comb-rule               = Geometric
   ewald-geometry                 = 3d
   epsilon-surface                = 0
   ensemble-temperature-setting   = constant
   ensemble-temperature           = 300
   tcoupl                         = V-rescale
   nsttcouple                     = 10
   nh-chain-length                = 0
   print-nose-hoover-chain-variables = false
   pcoupl                         = No
   refcoord-scaling               = No
   posres-com (3):
      posres-com[0]= 0.00000e+00
      posres-com[1]= 0.00000e+00
      posres-com[2]= 0.00000e+00
   posres-comB (3):
      posres-comB[0]= 0.00000e+00
      posres-comB[1]= 0.00000e+00
      posres-comB[2]= 0.00000e+00
   QMMM                           = false
qm-opts:
   ngQM                           = 0
   constraint-algorithm           = Lincs
   continuation                   = false
   Shake-SOR                      = false
   shake-tol                      = 0.0001
   lincs-order                    = 4
   lincs-iter                     = 1
   lincs-warnangle                = 30
   nwall                          = 0
   wall-type                      = 9-3
   wall-r-linpot                  = -1
   wall-atomtype[0]               = -1
   wall-atomtype[1]               = -1
   wall-density[0]                = 0
   wall-density[1]                = 0
   wall-ewald-zfac                = 3
   pull                           = false
   awh                            = false
   rotation                       = false
   interactiveMD                  = false
   disre                          = No
   disre-weighting                = Conservative
   disre-mixed                    = false
   dr-fc                          = 1000
   dr-tau                         = 0
   nstdisreout                    = 100
   orire-fc                       = 0
   orire-tau                      = 0
   nstorireout                    = 100
   free-energy                    = no
   cos-acceleration               = 0
   deform (3x3):
      deform[    0]={ 0.00000e+00,  0.00000e+00,  0.00000e+00}
      deform[    1]={ 0.00000e+00,  0.00000e+00,  0.00000e+00}
      deform[    2]={ 0.00000e+00,  0.00000e+00,  0.00000e+00}
   simulated-tempering            = false
   swapcoords                     = no
   userint1                       = 0
   userint2                       = 0
   userint3                       = 0
   userint4                       = 0
   userreal1                      = 0
   userreal2                      = 0
   userreal3                      = 0
   userreal4                      = 0
   applied-forces:
     electric-field:
       x:
         E0                       = 0
         omega                    = 0
         t0                       = 0
         sigma                    = 0
       y:
         E0                       = 0
         omega                    = 0
         t0                       = 0
         sigma                    = 0
       z:
         E0                       = 0
         omega                    = 0
         t0                       = 0
         sigma                    = 0
     density-guided-simulation:
       active                     = false
       group                      = protein
       similarity-measure         = inner-product
       atom-spreading-weight      = unity
       force-constant             = 1e+09
       gaussian-transform-spreading-width = 0.2
       gaussian-transform-spreading-range-in-multiples-of-width = 4
       reference-density-filename = reference.mrc
       nst                        = 1
       normalize-densities        = true
       adaptive-force-scaling     = false
       adaptive-force-scaling-time-constant = 4
       shift-vector               = 
       transformation-matrix      = 
     qmmm-cp2k:
       active                     = false
       qmgroup                    = System
       qmmethod                   = PBE
       qmfilenames                = 
       qmcharge                   = 0
       qmmultiplicity             = 1
     colvars:
       active                     = false
       configfile                 = 
       seed                       = -1
grpopts:
   nrdf:     9974.77      120228
   ref-t:         300         300
   tau-t:         0.1         0.1
annealing:          No          No
annealing-npoints:           0           0
   acc:	           0           0           0
   nfreeze:           N           N           N
   energygrp-flags[  0]: 0

Changing nstlist from 10 to 50, rlist from 1 to 1.107


Initializing Domain Decomposition on 4 ranks
Dynamic load balancing: auto
Using update groups, nr 22044, average size 2.9 atoms, max. radius 0.139 nm
Minimum cell size due to atom displacement: 0.406 nm
Initial maximum distances in bonded interactions:
    two-body bonded interactions: 0.427 nm, LJ-14, atoms 1607 1615
  multi-body bonded interactions: 0.506 nm, CMAP Dih., atoms 601 617
Minimum cell size due to bonded interactions: 0.557 nm
Scaling the initial minimum size with 1/0.8 (option -dds) = 1.25
Using 0 separate PME ranks because: there are too few total ranks for efficient splitting
Optimizing the DD grid for 4 cells with a minimum initial size of 0.696 nm
The maximum allowed number of cells is: X 12 Y 12 Z 12
Domain decomposition grid 4 x 1 x 1, separate PME ranks 0
PME domain decomposition: 4 x 1 x 1
Domain decomposition rank 0, coordinates 0 0 0

The initial number of communication pulses is: X 1
The initial domain decomposition cell size is: X 2.17 nm

The maximum allowed distance for atom groups involved in interactions is:
                 non-bonded interactions           1.385 nm
            two-body bonded interactions  (-rdd)   1.385 nm
          multi-body bonded interactions  (-rdd)   1.385 nm

When dynamic load balancing gets turned on, these settings will change to:
The maximum number of communication pulses is: X 1
The minimum size for domain decomposition cells is 1.385 nm
The requested allowed shrink of DD cells (option -dds) is: 0.80
The allowed shrink of domain decomposition cells is: X 0.64
The maximum allowed distance for atom groups involved in interactions is:
                 non-bonded interactions           1.385 nm
            two-body bonded interactions  (-rdd)   1.385 nm
          multi-body bonded interactions  (-rdd)   1.385 nm

Using 4 MPI threads
Using 4 OpenMP threads per tMPI thread

System total charge: 0.000
Will do PME sum in reciprocal space for electrostatic interactions.

++++ PLEASE READ AND CITE THE FOLLOWING REFERENCE ++++
U. Essmann, L. Perera, M. L. Berkowitz, T. Darden, H. Lee and L. G. Pedersen 
A smooth particle mesh Ewald method
J. Chem. Phys. 103 (1995) pp. 8577-8592
-------- -------- --- Thank You --- -------- --------

Using a Gaussian width (1/beta) of 0.320163 nm for Ewald
Potential shift: LJ r^-12: -1.000e+00 r^-6: -1.000e+00, Ewald -1.000e-05
Initialized non-bonded Coulomb Ewald tables, spacing: 9.33e-04 size: 1073

Generated table with 1053 data points for 1-4 COUL.
Tabscale = 500 points/nm
Generated table with 1053 data points for 1-4 LJ6.
Tabscale = 500 points/nm
Generated table with 1053 data points for 1-4 LJ12.
Tabscale = 500 points/nm
Long Range LJ corr.: <C6> 3.2228e-04


Using SIMD4xM 4x4 nonbonded short-range kernels

Using a dual 4x4 pair-list setup updated with dynamic pruning:
  outer list: updated every 50 steps, buffer 0.107 nm, rlist 1.107 nm
  inner list: updated every 10 steps, buffer 0.001 nm, rlist 1.001 nm
At tolerance 0.005 kJ/mol/ps per atom, equivalent classical 1x1 list would be:
  outer list: updated every 50 steps, buffer 0.232 nm, rlist 1.232 nm
  inner list: updated every 10 steps, buffer 0.034 nm, rlist 1.034 nm

The average pressure is off by at most 0.45 bar due to missing LJ interactions

Using full Lennard-Jones parameter combination matrix
Removing pbc first time

Linking all bonded interactions to atoms


Initializing LINear Constraint Solver

++++ PLEASE READ AND CITE THE FOLLOWING REFERENCE ++++
B. Hess and H. Bekker and H. J. C. Berendsen and J. G. E. M. Fraaije
LINCS: A Linear Constraint Solver for molecular simulations
J. Comp. Chem. 18 (1997) pp. 1463-1472
-------- -------- --- Thank You --- -------- --------

The number of constraints is 1980

++++ PLEASE READ AND CITE THE FOLLOWING REFERENCE ++++
S. Miyamoto and P. A. Kollman
SETTLE: An Analytical Version of the SHAKE and RATTLE Algorithms for Rigid
Water Models
J. Comp. Chem. 13 (1992) pp. 952-962
-------- -------- --- Thank You --- -------- --------


Intra-simulation communication will occur every 10 steps.

++++ PLEASE READ AND CITE THE FOLLOWING REFERENCE ++++
G. Bussi, D. Donadio and M. Parrinello
Canonical sampling through velocity rescaling
J. Chem. Phys. 126 (2007) pp. 014101
-------- -------- --- Thank You --- -------- --------

There are: 64100 Atoms
Atom distribution over 4 domains: av 16025 stddev 271 min 15619 max 16344

Constraining the starting coordinates (step 0)

Constraining the coordinates at t0-dt (step 0)
Center of mass motion removal mode is Linear
We have the following groups for center of mass motion removal:
  0:  rest
RMS relative constraint deviation after constraining: 3.38e-06
Initial temperature: 299.325 K

Started mdrun on rank 0 Wed Feb  5 12:01:41 2025

           Step           Time
              0        0.00000

   Energies (kJ/mol)
           Bond            U-B    Proper Dih.  Improper Dih.      CMAP Dih.
    1.16408e+03    3.49209e+03    1.05809e+04    1.52443e+02   -2.19232e+02
          LJ-14     Coulomb-14        LJ (SR)  Disper. corr.   Coulomb (SR)
    3.00850e+03    4.32487e+04    1.04216e+05   -8.52229e+03   -1.16437e+06
   Coul. recip. Position Rest.      Potential    Kinetic En.   Total Energy
    4.17987e+03    2.01993e-03   -1.00307e+06    1.62043e+05   -8.41028e+05
  Conserved En.    Temperature Pres. DC (bar) Pressure (bar)   Constr. rmsd
   -8.41028e+05    2.99368e+02   -2.17961e+02   -3.92152e+03    3.33562e-06


DD  step 49 load imb.: force  4.2%

step 100 Turning on dynamic load balancing, because the performance loss due to load imbalance is 2.8 %.

DD  step 499  vol min/aver 0.975  load imb.: force  4.0%
           Step           Time
            500        1.00000

   Energies (kJ/mol)
           Bond            U-B    Proper Dih.  Improper Dih.      CMAP Dih.
    3.33069e+03    8.95352e+03    1.13168e+04    5.64556e+02   -1.22218e+02
          LJ-14     Coulomb-14        LJ (SR)  Disper. corr.   Coulomb (SR)
    3.31529e+03    4.32702e+04    8.64264e+04   -8.52229e+03   -9.93822e+05
   Coul. recip. Position Rest.      Potential    Kinetic En.   Total Energy
    5.80754e+03    1.55229e+03   -8.37929e+05    1.60505e+05   -6.77423e+05
  Conserved En.    Temperature Pres. DC (bar) Pressure (bar)   Constr. rmsd
   -8.39591e+05    2.96527e+02   -2.17961e+02   -3.58566e+02    2.93684e-06


DD  step 999  vol min/aver 0.983  load imb.: force  1.5%
           Step           Time
           1000        2.00000

   Energies (kJ/mol)
           Bond            U-B    Proper Dih.  Improper Dih.      CMAP Dih.
    3.46756e+03    9.24024e+03    1.14093e+04    5.52962e+02   -1.53350e+02
          LJ-14     Coulomb-14        LJ (SR)  Disper. corr.   Coulomb (SR)
    3.29391e+03    4.32272e+04    8.32702e+04   -8.52229e+03   -9.86520e+05
   Coul. recip. Position Rest.      Potential    Kinetic En.   Total Energy
    5.95354e+03    1.41730e+03   -8.33364e+05    1.63174e+05   -6.70190e+05
  Conserved En.    Temperature Pres. DC (bar) Pressure (bar)   Constr. rmsd
   -8.39571e+05    3.01457e+02   -2.17961e+02   -6.09301e+02    2.90341e-06


DD  step 1499  vol min/aver 0.983  load imb.: force  2.3%
           Step           Time
           1500        3.00000

   Energies (kJ/mol)
           Bond            U-B    Proper Dih.  Improper Dih.      CMAP Dih.
    3.32807e+03    9.08758e+03    1.12340e+04    5.31192e+02   -1.08592e+02
          LJ-14     Coulomb-14        LJ (SR)  Disper. corr.   Coulomb (SR)
    3.20021e+03    4.31099e+04    8.15383e+04   -8.52229e+03   -9.86152e+05
   Coul. recip. Position Rest.      Potential    Kinetic En.   Total Energy
    5.87053e+03    1.39077e+03   -8.35492e+05    1.61912e+05   -6.73580e+05
  Conserved En.    Temperature Pres. DC (bar) Pressure (bar)   Constr. rmsd
   -8.39547e+05    2.99127e+02   -2.17961e+02   -9.61746e+02    2.83134e-06


DD  step 1999  vol min/aver 0.957  load imb.: force  2.6%
           Step           Time
           2000        4.00000

   Energies (kJ/mol)
           Bond            U-B    Proper Dih.  Improper Dih.      CMAP Dih.
    3.27883e+03    9.16840e+03    1.13375e+04    5.57303e+02   -1.42115e+02
          LJ-14     Coulomb-14        LJ (SR)  Disper. corr.   Coulomb (SR)
    3.26382e+03    4.31109e+04    8.29705e+04   -8.52229e+03   -9.86874e+05
   Coul. recip. Position Rest.      Potential    Kinetic En.   Total Energy
    5.81799e+03    1.39858e+03   -8.34635e+05    1.61028e+05   -6.73607e+05
  Conserved En.    Temperature Pres. DC (bar) Pressure (bar)   Constr. rmsd
   -8.39522e+05    2.97493e+02   -2.17961e+02   -5.91552e+02    2.85378e-06


DD  step 2499  vol min/aver 0.980  load imb.: force  1.3%
           Step           Time
           2500        5.00000

   Energies (kJ/mol)
           Bond            U-B    Proper Dih.  Improper Dih.      CMAP Dih.
    3.39231e+03    9.20302e+03    1.13081e+04    5.23584e+02   -1.09180e+02
          LJ-14     Coulomb-14        LJ (SR)  Disper. corr.   Coulomb (SR)
    3.27007e+03    4.28523e+04    8.46725e+04   -8.52229e+03   -9.88942e+05
   Coul. recip. Position Rest.      Potential    Kinetic En.   Total Energy
    5.85260e+03    1.35474e+03   -8.35144e+05    1.62961e+05   -6.72183e+05
  Conserved En.    Temperature Pres. DC (bar) Pressure (bar)   Constr. rmsd
   -8.39515e+05    3.01063e+02   -2.17961e+02   -6.78594e+02    3.48797e-06


DD  step 2999  vol min/aver 0.981  load imb.: force  3.2%
           Step           Time
           3000        6.00000

   Energies (kJ/mol)
           Bond            U-B    Proper Dih.  Improper Dih.      CMAP Dih.
    3.51166e+03    9.28706e+03    1.12088e+04    5.10712e+02   -1.05642e+02
          LJ-14     Coulomb-14        LJ (SR)  Disper. corr.   Coulomb (SR)
    3.29102e+03    4.31475e+04    8.32330e+04   -8.52229e+03   -9.88562e+05
   Coul. recip. Position Rest.      Potential    Kinetic En.   Total Energy
    5.70186e+03    1.40015e+03   -8.35898e+05    1.62930e+05   -6.72969e+05
  Conserved En.    Temperature Pres. DC (bar) Pressure (bar)   Constr. rmsd
   -8.39471e+05    3.01006e+02   -2.17961e+02   -6.15824e+02    2.78508e-06


DD  step 3499  vol min/aver 0.974  load imb.: force  0.7%
           Step           Time
           3500        7.00000

   Energies (kJ/mol)
           Bond            U-B    Proper Dih.  Improper Dih.      CMAP Dih.
    3.35621e+03    9.21372e+03    1.11556e+04    4.99279e+02   -1.66736e+02
          LJ-14     Coulomb-14        LJ (SR)  Disper. corr.   Coulomb (SR)
    3.18353e+03    4.34059e+04    8.22359e+04   -8.52229e+03   -9.87557e+05
   Coul. recip. Position Rest.      Potential    Kinetic En.   Total Energy
    5.73210e+03    1.40112e+03   -8.36063e+05    1.62511e+05   -6.73552e+05
  Conserved En.    Temperature Pres. DC (bar) Pressure (bar)   Constr. rmsd
   -8.39488e+05    3.00232e+02   -2.17961e+02   -9.14058e+02    2.84737e-06


DD  step 3999  vol min/aver 0.980  load imb.: force  3.4%
           Step           Time
           4000        8.00000

   Energies (kJ/mol)
           Bond            U-B    Proper Dih.  Improper Dih.      CMAP Dih.
    3.43572e+03    9.19189e+03    1.12150e+04    5.24144e+02   -2.19288e+02
          LJ-14     Coulomb-14        LJ (SR)  Disper. corr.   Coulomb (SR)
    3.35070e+03    4.33433e+04    8.37520e+04   -8.52229e+03   -9.88142e+05
   Coul. recip. Position Rest.      Potential    Kinetic En.   Total Energy
    5.76397e+03    1.41168e+03   -8.34896e+05    1.62828e+05   -6.72068e+05
  Conserved En.    Temperature Pres. DC (bar) Pressure (bar)   Constr. rmsd
   -8.39460e+05    3.00818e+02   -2.17961e+02   -7.05964e+02    3.10754e-06


DD  step 4499  vol min/aver 0.959  load imb.: force  3.7%
           Step           Time
           4500        9.00000

   Energies (kJ/mol)
           Bond            U-B    Proper Dih.  Improper Dih.      CMAP Dih.
    3.25813e+03    9.21277e+03    1.11585e+04    5.66526e+02   -2.56423e+02
          LJ-14     Coulomb-14        LJ (SR)  Disper. corr.   Coulomb (SR)
    3.24990e+03    4.35689e+04    8.35220e+04   -8.52229e+03   -9.89692e+05
   Coul. recip. Position Rest.      Potential    Kinetic En.   Total Energy
    5.77369e+03    1.33324e+03   -8.36827e+05    1.61938e+05   -6.74890e+05
  Conserved En.    Temperature Pres. DC (bar) Pressure (bar)   Constr. rmsd
   -8.39430e+05    2.99174e+02   -2.17961e+02   -6.25397e+02    3.02788e-06


DD  step 4999  vol min/aver 0.979  load imb.: force  2.7%

step 5000 Turning off dynamic load balancing, because it is degrading performance.
Atom distribution over 4 domains: av 16025 stddev 118 min 15845 max 16169
           Step           Time
           5000       10.00000

   Energies (kJ/mol)
           Bond            U-B    Proper Dih.  Improper Dih.      CMAP Dih.
    3.50286e+03    9.06269e+03    1.12589e+04    5.39893e+02   -1.98833e+02
          LJ-14     Coulomb-14        LJ (SR)  Disper. corr.   Coulomb (SR)
    3.31416e+03    4.33309e+04    8.32425e+04   -8.52229e+03   -9.87345e+05
   Coul. recip. Position Rest.      Potential    Kinetic En.   Total Energy
    5.77548e+03    1.34810e+03   -8.34691e+05    1.62567e+05   -6.72124e+05
  Conserved En.    Temperature Pres. DC (bar) Pressure (bar)   Constr. rmsd
   -8.39445e+05    3.00335e+02   -2.17961e+02   -7.17575e+02    2.98806e-06


DD  step 5499 load imb.: force  5.6%
           Step           Time
           5500       11.00000

   Energies (kJ/mol)
           Bond            U-B    Proper Dih.  Improper Dih.      CMAP Dih.
    3.35888e+03    8.85587e+03    1.12997e+04    4.95267e+02   -1.74115e+02
          LJ-14     Coulomb-14        LJ (SR)  Disper. corr.   Coulomb (SR)
    3.32992e+03    4.34518e+04    8.19559e+04   -8.52229e+03   -9.86788e+05
   Coul. recip. Position Rest.      Potential    Kinetic En.   Total Energy
    5.70097e+03    1.34336e+03   -8.35693e+05    1.62846e+05   -6.72846e+05
  Conserved En.    Temperature Pres. DC (bar) Pressure (bar)   Constr. rmsd
   -8.39446e+05    3.00852e+02   -2.17961e+02   -6.91682e+02    3.16827e-06


DD  step 5999 load imb.: force  3.9%
           Step           Time
           6000       12.00000

   Energies (kJ/mol)
           Bond            U-B    Proper Dih.  Improper Dih.      CMAP Dih.
    3.34508e+03    9.20401e+03    1.11357e+04    5.71029e+02   -1.75417e+02
          LJ-14     Coulomb-14        LJ (SR)  Disper. corr.   Coulomb (SR)
    3.27243e+03    4.33078e+04    8.25426e+04   -8.52229e+03   -9.86810e+05
   Coul. recip. Position Rest.      Potential    Kinetic En.   Total Energy
    5.80663e+03    1.35449e+03   -8.34968e+05    1.62700e+05   -6.72269e+05
  Conserved En.    Temperature Pres. DC (bar) Pressure (bar)   Constr. rmsd
   -8.39432e+05    3.00581e+02   -2.17961e+02   -7.00950e+02    2.90675e-06


DD  step 6499 load imb.: force  6.8%
           Step           Time
           6500       13.00000

   Energies (kJ/mol)
           Bond            U-B    Proper Dih.  Improper Dih.      CMAP Dih.
    3.59799e+03    9.26976e+03    1.12846e+04    5.73388e+02   -2.41882e+02
          LJ-14     Coulomb-14        LJ (SR)  Disper. corr.   Coulomb (SR)
    3.29320e+03    4.34768e+04    8.30474e+04   -8.52229e+03   -9.86962e+05
   Coul. recip. Position Rest.      Potential    Kinetic En.   Total Energy
    5.77666e+03    1.42123e+03   -8.33985e+05    1.63744e+05   -6.70241e+05
  Conserved En.    Temperature Pres. DC (bar) Pressure (bar)   Constr. rmsd
   -8.39376e+05    3.02509e+02   -2.17961e+02   -6.56894e+02    2.80019e-06


DD  step 6999 load imb.: force  5.7%
           Step           Time
           7000       14.00000

   Energies (kJ/mol)
           Bond            U-B    Proper Dih.  Improper Dih.      CMAP Dih.
    3.40916e+03    9.25225e+03    1.13238e+04    5.33401e+02   -1.87619e+02
          LJ-14     Coulomb-14        LJ (SR)  Disper. corr.   Coulomb (SR)
    3.31121e+03    4.33456e+04    8.29011e+04   -8.52229e+03   -9.87364e+05
   Coul. recip. Position Rest.      Potential    Kinetic En.   Total Energy
    5.83279e+03    1.24126e+03   -8.34924e+05    1.62251e+05   -6.72672e+05
  Conserved En.    Temperature Pres. DC (bar) Pressure (bar)   Constr. rmsd
   -8.39358e+05    2.99753e+02   -2.17961e+02   -4.95852e+02    2.83631e-06


DD  step 7499 load imb.: force  6.8%
           Step           Time
           7500       15.00000

   Energies (kJ/mol)
           Bond            U-B    Proper Dih.  Improper Dih.      CMAP Dih.
    3.45555e+03    9.42257e+03    1.10622e+04    4.45239e+02   -1.58272e+02
          LJ-14     Coulomb-14        LJ (SR)  Disper. corr.   Coulomb (SR)
    3.26299e+03    4.32014e+04    8.31883e+04   -8.52229e+03   -9.86449e+05
   Coul. recip. Position Rest.      Potential    Kinetic En.   Total Energy
    5.81106e+03    1.41067e+03   -8.33870e+05    1.60808e+05   -6.73062e+05
  Conserved En.    Temperature Pres. DC (bar) Pressure (bar)   Constr. rmsd
   -8.39342e+05    2.97085e+02   -2.17961e+02   -7.68195e+02    2.99834e-06


DD  step 7999 load imb.: force  2.5%
           Step           Time
           8000       16.00000

   Energies (kJ/mol)
           Bond            U-B    Proper Dih.  Improper Dih.      CMAP Dih.
    3.31244e+03    9.17067e+03    1.12668e+04    5.30151e+02   -1.93044e+02
          LJ-14     Coulomb-14        LJ (SR)  Disper. corr.   Coulomb (SR)
    3.24286e+03    4.34561e+04    8.25069e+04   -8.52229e+03   -9.86700e+05
   Coul. recip. Position Rest.      Potential    Kinetic En.   Total Energy
    5.73698e+03    1.38955e+03   -8.34803e+05    1.61459e+05   -6.73344e+05
  Conserved En.    Temperature Pres. DC (bar) Pressure (bar)   Constr. rmsd
   -8.39343e+05    2.98289e+02   -2.17961e+02   -5.07199e+02    2.94395e-06


DD  step 8499 load imb.: force  5.1%
           Step           Time
           8500       17.00000

   Energies (kJ/mol)
           Bond            U-B    Proper Dih.  Improper Dih.      CMAP Dih.
    3.43478e+03    9.34100e+03    1.11481e+04    5.42976e+02   -2.08079e+02
          LJ-14     Coulomb-14        LJ (SR)  Disper. corr.   Coulomb (SR)
    3.30468e+03    4.31998e+04    8.17676e+04   -8.52229e+03   -9.86825e+05
   Coul. recip. Position Rest.      Potential    Kinetic En.   Total Energy
    5.89516e+03    1.36678e+03   -8.35555e+05    1.62644e+05   -6.72911e+05
  Conserved En.    Temperature Pres. DC (bar) Pressure (bar)   Constr. rmsd
   -8.39344e+05    3.00477e+02   -2.17961e+02   -5.82949e+02    2.94668e-06


DD  step 8999 load imb.: force  3.0%
           Step           Time
           9000       18.00000

   Energies (kJ/mol)
           Bond            U-B    Proper Dih.  Improper Dih.      CMAP Dih.
    3.51683e+03    9.49668e+03    1.09974e+04    5.68463e+02   -1.68484e+02
          LJ-14     Coulomb-14        LJ (SR)  Disper. corr.   Coulomb (SR)
    3.26953e+03    4.31968e+04    8.37541e+04   -8.52229e+03   -9.89323e+05
   Coul. recip. Position Rest.      Potential    Kinetic En.   Total Energy
    5.76677e+03    1.37401e+03   -8.36073e+05    1.63651e+05   -6.72422e+05
  Conserved En.    Temperature Pres. DC (bar) Pressure (bar)   Constr. rmsd
   -8.39318e+05    3.02339e+02   -2.17961e+02   -6.42036e+02    3.08447e-06


DD  step 9499 load imb.: force  3.3%
           Step           Time
           9500       19.00000

   Energies (kJ/mol)
           Bond            U-B    Proper Dih.  Improper Dih.      CMAP Dih.
    3.20807e+03    9.28415e+03    1.11664e+04    5.10308e+02   -1.83771e+02
          LJ-14     Coulomb-14        LJ (SR)  Disper. corr.   Coulomb (SR)
    3.26661e+03    4.33984e+04    8.39760e+04   -8.52229e+03   -9.88864e+05
   Coul. recip. Position Rest.      Potential    Kinetic En.   Total Energy
    5.85474e+03    1.32926e+03   -8.35576e+05    1.61096e+05   -6.74480e+05
  Conserved En.    Temperature Pres. DC (bar) Pressure (bar)   Constr. rmsd
   -8.39304e+05    2.97618e+02   -2.17961e+02   -4.39113e+02    2.95032e-06


DD  step 9999 load imb.: force  5.2%
           Step           Time
          10000       20.00000

Writing checkpoint, step 10000 at Wed Feb  5 12:03:43 2025


   Energies (kJ/mol)
           Bond            U-B    Proper Dih.  Improper Dih.      CMAP Dih.
    3.31191e+03    8.95367e+03    1.11731e+04    5.46711e+02   -2.27351e+02
          LJ-14     Coulomb-14        LJ (SR)  Disper. corr.   Coulomb (SR)
    3.38887e+03    4.31234e+04    8.39125e+04   -8.52229e+03   -9.88542e+05
   Coul. recip. Position Rest.      Potential    Kinetic En.   Total Energy
    5.71372e+03    1.28048e+03   -8.35888e+05    1.61496e+05   -6.74391e+05
  Conserved En.    Temperature Pres. DC (bar) Pressure (bar)   Constr. rmsd
   -8.39305e+05    2.98358e+02   -2.17961e+02   -7.49451e+02    2.98283e-06


Energy conservation over simulation part #1 of length 20 ps, time 0 to 20 ps
  Conserved energy drift: 1.34e-03 kJ/mol/ps per atom


	<======  ###############  ==>
	<====  A V E R A G E S  ====>
	<==  ###############  ======>

	Statistics over 10001 steps using 101 frames

   Energies (kJ/mol)
           Bond            U-B    Proper Dih.  Improper Dih.      CMAP Dih.
    3.31532e+03    9.11197e+03    1.12401e+04    5.30573e+02   -1.85668e+02
          LJ-14     Coulomb-14        LJ (SR)  Disper. corr.   Coulomb (SR)
    3.29253e+03    4.32888e+04    8.36136e+04   -8.52229e+03   -9.90685e+05
   Coul. recip. Position Rest.      Potential    Kinetic En.   Total Energy
    5.76070e+03    1.36525e+03   -8.37874e+05    1.61727e+05   -6.76148e+05
  Conserved En.    Temperature Pres. DC (bar) Pressure (bar)   Constr. rmsd
   -8.39453e+05    2.98784e+02   -2.17961e+02   -7.16842e+02    0.00000e+00

   Total Virial (kJ/mol)
    6.83812e+04    7.35686e+02    8.93455e+02
    7.36034e+02    6.75492e+04    3.15537e+02
    8.93179e+02    3.15223e+02    6.78902e+04

   Pressure (bar)
   -7.39659e+02   -3.50010e+01   -4.94145e+01
   -3.50188e+01   -6.94353e+02   -1.48687e+01
   -4.94004e+01   -1.48527e+01   -7.16514e+02

      T-Protein  T-non-Protein
    2.99501e+02    2.98724e+02


	M E G A - F L O P S   A C C O U N T I N G

 NB=Group-cutoff nonbonded kernels    NxN=N-by-N cluster Verlet kernels
 RF=Reaction-Field  VdW=Van der Waals  QSTab=quadratic-spline table
 W3=SPC/TIP3p  W4=TIP4p (single or pairs)
 V&F=Potential and force  V=Potential only  F=Force only

 Computing:                               M-Number         M-Flops  % Flops
-----------------------------------------------------------------------------
 Pair Search distance check            4959.424168       44634.818     0.2
 NxN Ewald Elec. + LJ [F]            303727.504080    20046015.269    92.4
 NxN Ewald Elec. + LJ [V&F]            3098.555576      331545.447     1.5
 NxN Ewald Elec. [F]                   3103.769232      189329.923     0.9
 NxN Ewald Elec. [V&F]                   31.603384        2654.684     0.0
 1,4 nonbonded interactions             105.140513        9462.646     0.0
 Calc Weights                          1923.192300       69234.923     0.3
 Spread Q Bspline                     41028.102400       82056.205     0.4
 Gather F Bspline                     41028.102400      246168.614     1.1
 3D-FFT                               61197.979186      489583.833     2.3
 Solve PME                              909.530944       58209.980     0.3
 Reset In Box                            12.820000          38.460     0.0
 CG-CoM                                  12.948200          38.845     0.0
 Bonds                                   20.572057        1213.751     0.0
 Propers                                104.460445       23921.442     0.1
 Impropers                                6.470647        1345.895     0.0
 Pos. Restr.                             20.052005        1002.600     0.0
 Virial                                   6.492280         116.861     0.0
 Stop-CM                                  6.538200          65.382     0.0
 Calc-Ekin                              128.328200        3464.861     0.0
 Lincs                                   19.805940        1188.356     0.0
 Lincs-Mat                              101.310384         405.242     0.0
 Constraint-V                           640.868148        5767.813     0.0
 Constraint-Vir                           6.271494         150.516     0.0
 Settle                                 200.440114       74162.842     0.3
 CMAP                                     2.390239        4063.406     0.0
 Urey-Bradley                            72.907290       13342.034     0.1
-----------------------------------------------------------------------------
 Total                                                21699184.650   100.0
-----------------------------------------------------------------------------


    D O M A I N   D E C O M P O S I T I O N   S T A T I S T I C S

 av. #atoms communicated per step for force:  2 x 36925.5


Dynamic load balancing report:
 DLB was off during the run due to low measured imbalance.
 Average load imbalance: 4.2%.
 The balanceable part of the MD step is 73%, load imbalance is computed from this.
 Part of the total run time spent waiting due to load imbalance: 3.1%.


      R E A L   C Y C L E   A N D   T I M E   A C C O U N T I N G

On 4 MPI ranks, each using 4 OpenMP threads

 Activity:              Num   Num      Call    Wall time         Giga-Cycles
                        Ranks Threads  Count      (s)         total sum    %
--------------------------------------------------------------------------------
 Domain decomp.            4    4        201       0.385          0.148   0.3
 DD comm. load             4    4        101       0.002          0.001   0.0
 DD comm. bounds           4    4         49       0.001          0.000   0.0
 Neighbor search           4    4        201       1.121          0.430   0.9
 Comm. coord.              4    4       9800       0.319          0.122   0.3
 Force                     4    4      10001      86.638         33.268  70.6
 Wait + Comm. F            4    4      10001       0.159          0.061   0.1
 PME mesh                  4    4      10001      28.623         10.991  23.3
 NB X/F buffer ops.        4    4      29601       1.970          0.756   1.6
 Write traj.               4    4         21       0.080          0.031   0.1
 Update                    4    4      10001       1.341          0.515   1.1
 Constraints               4    4      10003       1.646          0.632   1.3
 Comm. energies            4    4       1001       0.255          0.098   0.2
 Rest                                              0.207          0.079   0.2
--------------------------------------------------------------------------------
 Total                                           122.745         47.133 100.0
--------------------------------------------------------------------------------
 Breakdown of PME mesh activities
--------------------------------------------------------------------------------
 PME redist. X/F           4    4      20002      17.947          6.892  14.6
 PME spread                4    4      10001       3.571          1.371   2.9
 PME gather                4    4      10001       3.130          1.202   2.5
 PME 3D-FFT                4    4      20002       2.957          1.136   2.4
 PME 3D-FFT Comm.          4    4      20002       0.588          0.226   0.5
 PME solve Elec            4    4      10001       0.130          0.050   0.1
--------------------------------------------------------------------------------

               Core t (s)   Wall t (s)        (%)
       Time:     1963.922      122.745     1600.0
                 (ns/day)    (hour/ns)
Performance:       14.079        1.705
Finished mdrun on rank 0 Wed Feb  5 12:03:44 2025

