                  :-) GROMACS - gmx mdrun, 2024.5-Homebrew (-:

Copyright 1991-2024 The GROMACS Authors.
GROMACS is free software; you can redistribute it and/or modify it
under the terms of the GNU Lesser General Public License
as published by the Free Software Foundation; either version 2.1
of the License, or (at your option) any later version.

                         Current GROMACS contributors:
       Mark Abraham           Andrey Alekseenko           Vladimir Basov      
      Cathrine Bergh            Eliane Briand               Ania Brown        
      Mahesh Doijade            Giacomo Fiorin          Stefan Fleischmann    
      Sergey Gorelov         Gilles Gouaillardet            Alan Gray         
     M. Eric Irrgang         Farzaneh Jalalypour            Joe Jordan        
     Carsten Kutzner           Justin A. Lemkul          Magnus Lundborg      
       Pascal Merz              Vedran Miletic            Dmitry Morozov      
       Julien Nabet              Szilard Pall        Andrea Pasquadibisceglie 
    Michele Pellegrino          Hubert Santuz             Roland Schulz       
     Tatiana Shugaeva          Alexey Shvetsov            Philip Turner       
     Alessandra Villa      Sebastian Wingbermuehle  

                         Previous GROMACS contributors:
        Emile Apol             Rossen Apostolov           James Barnett       
        Paul Bauer          Herman J.C. Berendsen          Par Bjelkmar       
      Christian Blau          Viacheslav Bolnykh            Kevin Boyd        
    Aldert van Buuren          Carlo Camilloni           Rudi van Drunen      
      Anton Feenstra           Oliver Fleetwood            Vytas Gapsys       
       Gaurav Garg             Gerrit Groenhof            Bert de Groot       
      Anca Hamuraru           Vincent Hindriksen          Victor Holanda      
     Aleksei Iupinov          Christoph Junghans        Prashanth Kanduri     
   Dimitrios Karkoulis           Peter Kasson             Sebastian Kehl      
     Sebastian Keller             Jiri Kraus               Per Larsson        
      Viveca Lindahl            Erik Marklund           Pieter Meulenhoff     
      Teemu Murtola              Sander Pronk             Michael Shirts      
      Alfons Sijbers            Balint Soproni         David van der Spoel    
      Peter Tieleman            Carsten Uphoff             Jon Vincent        
     Teemu Virolainen         Christian Wennberg           Maarten Wolf       
      Artem Zhmurov       

                  Coordinated by the GROMACS project leaders:
                           Berk Hess and Erik Lindahl

GROMACS:      gmx mdrun, version 2024.5-Homebrew
Executable:   /opt/homebrew/bin/../Cellar/gromacs/2024.5/bin/gmx
Data prefix:  /opt/homebrew/bin/../Cellar/gromacs/2024.5
Working dir:  /Users/danielcondetorres/Desktop/GUARDA_PROYECTO/YAP-TAZ-TEAD/Code/Working_Area
Process ID:   5969
Command line:
  gmx mdrun -v -deffnm ../Output/eq_2 -ntmpi 4

GROMACS version:     2024.5-Homebrew
Precision:           mixed
Memory model:        64 bit
MPI library:         thread_mpi
OpenMP support:      enabled (GMX_OPENMP_MAX_THREADS = 128)
GPU support:         disabled
SIMD instructions:   ARM_NEON_ASIMD
CPU FFT library:     fftw-3.3.10
GPU FFT library:     none
Multi-GPU FFT:       none
TNG support:         enabled
Hwloc support:       disabled
Tracing support:     disabled
C compiler:          /opt/homebrew/opt/gcc/bin/gcc-14
C compiler flags:    -fexcess-precision=fast -funroll-all-loops -Wno-missing-field-initializers -O3 -DNDEBUG
C++ compiler:        /opt/homebrew/opt/gcc/bin/g++-14
C++ compiler flags:  -fexcess-precision=fast -funroll-all-loops -Wno-missing-field-initializers -Weverything -Wno-c++98-compat -Wno-c++98-compat-pedantic -Wno-return-std-move-in-c++11 -Wno-source-uses-openmp -Wno-c++17-extensions -Wno-documentation-unknown-command -Wno-covered-switch-default -Wno-switch-enum -Wno-switch-default -Wno-extra-semi-stmt -Wno-weak-vtables -Wno-shadow -Wno-padded -Wno-reserved-id-macro -Wno-double-promotion -Wno-exit-time-destructors -Wno-global-constructors -Wno-documentation -Wno-format-nonliteral -Wno-used-but-marked-unused -Wno-float-equal -Wno-conditional-uninitialized -Wno-conversion -Wno-disabled-macro-expansion -Wno-unused-macros -Wno-unsafe-buffer-usage -Wno-cast-function-type-strict SHELL:-fopenmp -O3 -DNDEBUG
BLAS library:        External - detected on the system
LAPACK library:      External - detected on the system


Running on 1 node with total 0 processing units
Hardware detected on host MacBook-Pro-de-Daniel.local:
  CPU info:
    Vendor: ARM
    Brand:  Unknown CPU brand
    Family: 0   Model: 0   Stepping: 0
    Features: neon neon_asimd
  Hardware topology: Only logical processor count
    CPU limit set by OS: -1   Recommended max number of threads: 16


++++ PLEASE READ AND CITE THE FOLLOWING REFERENCE ++++
M. J. Abraham, T. Murtola, R. Schulz, S. Páll, J. C. Smith, B. Hess, E.
Lindahl
GROMACS: High performance molecular simulations through multi-level
parallelism from laptops to supercomputers
SoftwareX 1 (2015) pp. 19-25
-------- -------- --- Thank You --- -------- --------


++++ PLEASE READ AND CITE THE FOLLOWING REFERENCE ++++
S. Páll, M. J. Abraham, C. Kutzner, B. Hess, E. Lindahl
Tackling Exascale Software Challenges in Molecular Dynamics Simulations with
GROMACS
In S. Markidis & E. Laure (Eds.), Solving Software Challenges for Exascale 8759 (2015) pp. 3-27
-------- -------- --- Thank You --- -------- --------


++++ PLEASE READ AND CITE THE FOLLOWING REFERENCE ++++
S. Pronk, S. Páll, R. Schulz, P. Larsson, P. Bjelkmar, R. Apostolov, M. R.
Shirts, J. C. Smith, P. M. Kasson, D. van der Spoel, B. Hess, and E. Lindahl
GROMACS 4.5: a high-throughput and highly parallel open source molecular
simulation toolkit
Bioinformatics 29 (2013) pp. 845-54
-------- -------- --- Thank You --- -------- --------


++++ PLEASE READ AND CITE THE FOLLOWING REFERENCE ++++
B. Hess and C. Kutzner and D. van der Spoel and E. Lindahl
GROMACS 4: Algorithms for highly efficient, load-balanced, and scalable
molecular simulation
J. Chem. Theory Comput. 4 (2008) pp. 435-447
-------- -------- --- Thank You --- -------- --------


++++ PLEASE READ AND CITE THE FOLLOWING REFERENCE ++++
D. van der Spoel, E. Lindahl, B. Hess, G. Groenhof, A. E. Mark and H. J. C.
Berendsen
GROMACS: Fast, Flexible and Free
J. Comp. Chem. 26 (2005) pp. 1701-1719
-------- -------- --- Thank You --- -------- --------


++++ PLEASE READ AND CITE THE FOLLOWING REFERENCE ++++
E. Lindahl and B. Hess and D. van der Spoel
GROMACS 3.0: A package for molecular simulation and trajectory analysis
J. Mol. Mod. 7 (2001) pp. 306-317
-------- -------- --- Thank You --- -------- --------


++++ PLEASE READ AND CITE THE FOLLOWING REFERENCE ++++
H. J. C. Berendsen, D. van der Spoel and R. van Drunen
GROMACS: A message-passing parallel molecular dynamics implementation
Comp. Phys. Comm. 91 (1995) pp. 43-56
-------- -------- --- Thank You --- -------- --------

Input Parameters:
   integrator                     = md
   tinit                          = 0
   dt                             = 0.002
   nsteps                         = 10000
   init-step                      = 0
   simulation-part                = 1
   mts                            = false
   mass-repartition-factor        = 1
   comm-mode                      = Linear
   nstcomm                        = 100
   bd-fric                        = 0
   ld-seed                        = -4397057
   emtol                          = 10
   emstep                         = 0.01
   niter                          = 20
   fcstep                         = 0
   nstcgsteep                     = 1000
   nbfgscorr                      = 10
   rtpi                           = 0.05
   nstxout                        = 500
   nstvout                        = 500
   nstfout                        = 0
   nstlog                         = 500
   nstcalcenergy                  = 100
   nstenergy                      = 500
   nstxout-compressed             = 0
   compressed-x-precision         = 1000
   cutoff-scheme                  = Verlet
   nstlist                        = 10
   pbc                            = xyz
   periodic-molecules             = false
   verlet-buffer-tolerance        = 0.005
   verlet-buffer-pressure-tolerance = 0.5
   rlist                          = 1
   coulombtype                    = PME
   coulomb-modifier               = Potential-shift
   rcoulomb-switch                = 0
   rcoulomb                       = 1
   epsilon-r                      = 1
   epsilon-rf                     = inf
   vdw-type                       = Cut-off
   vdw-modifier                   = Potential-shift
   rvdw-switch                    = 0
   rvdw                           = 1
   DispCorr                       = EnerPres
   table-extension                = 1
   fourierspacing                 = 0.16
   fourier-nx                     = 56
   fourier-ny                     = 56
   fourier-nz                     = 56
   pme-order                      = 4
   ewald-rtol                     = 1e-05
   ewald-rtol-lj                  = 0.001
   lj-pme-comb-rule               = Geometric
   ewald-geometry                 = 3d
   epsilon-surface                = 0
   ensemble-temperature-setting   = constant
   ensemble-temperature           = 300
   tcoupl                         = V-rescale
   nsttcouple                     = 10
   nh-chain-length                = 0
   print-nose-hoover-chain-variables = false
   pcoupl                         = Parrinello-Rahman
   pcoupltype                     = Isotropic
   nstpcouple                     = 50
   tau-p                          = 2
   compressibility (3x3):
      compressibility[    0]={ 4.50000e-05,  0.00000e+00,  0.00000e+00}
      compressibility[    1]={ 0.00000e+00,  4.50000e-05,  0.00000e+00}
      compressibility[    2]={ 0.00000e+00,  0.00000e+00,  4.50000e-05}
   ref-p (3x3):
      ref-p[    0]={ 1.00000e+00,  0.00000e+00,  0.00000e+00}
      ref-p[    1]={ 0.00000e+00,  1.00000e+00,  0.00000e+00}
      ref-p[    2]={ 0.00000e+00,  0.00000e+00,  1.00000e+00}
   refcoord-scaling               = COM
   posres-com (3):
      posres-com[0]= 4.98122e-01
      posres-com[1]= 4.98668e-01
      posres-com[2]= 5.00814e-01
   posres-comB (3):
      posres-comB[0]= 4.98122e-01
      posres-comB[1]= 4.98668e-01
      posres-comB[2]= 5.00814e-01
   QMMM                           = false
qm-opts:
   ngQM                           = 0
   constraint-algorithm           = Lincs
   continuation                   = true
   Shake-SOR                      = false
   shake-tol                      = 0.0001
   lincs-order                    = 4
   lincs-iter                     = 1
   lincs-warnangle                = 30
   nwall                          = 0
   wall-type                      = 9-3
   wall-r-linpot                  = -1
   wall-atomtype[0]               = -1
   wall-atomtype[1]               = -1
   wall-density[0]                = 0
   wall-density[1]                = 0
   wall-ewald-zfac                = 3
   pull                           = false
   awh                            = false
   rotation                       = false
   interactiveMD                  = false
   disre                          = No
   disre-weighting                = Conservative
   disre-mixed                    = false
   dr-fc                          = 1000
   dr-tau                         = 0
   nstdisreout                    = 100
   orire-fc                       = 0
   orire-tau                      = 0
   nstorireout                    = 100
   free-energy                    = no
   cos-acceleration               = 0
   deform (3x3):
      deform[    0]={ 0.00000e+00,  0.00000e+00,  0.00000e+00}
      deform[    1]={ 0.00000e+00,  0.00000e+00,  0.00000e+00}
      deform[    2]={ 0.00000e+00,  0.00000e+00,  0.00000e+00}
   simulated-tempering            = false
   swapcoords                     = no
   userint1                       = 0
   userint2                       = 0
   userint3                       = 0
   userint4                       = 0
   userreal1                      = 0
   userreal2                      = 0
   userreal3                      = 0
   userreal4                      = 0
   applied-forces:
     electric-field:
       x:
         E0                       = 0
         omega                    = 0
         t0                       = 0
         sigma                    = 0
       y:
         E0                       = 0
         omega                    = 0
         t0                       = 0
         sigma                    = 0
       z:
         E0                       = 0
         omega                    = 0
         t0                       = 0
         sigma                    = 0
     density-guided-simulation:
       active                     = false
       group                      = protein
       similarity-measure         = inner-product
       atom-spreading-weight      = unity
       force-constant             = 1e+09
       gaussian-transform-spreading-width = 0.2
       gaussian-transform-spreading-range-in-multiples-of-width = 4
       reference-density-filename = reference.mrc
       nst                        = 1
       normalize-densities        = true
       adaptive-force-scaling     = false
       adaptive-force-scaling-time-constant = 4
       shift-vector               = 
       transformation-matrix      = 
     qmmm-cp2k:
       active                     = false
       qmgroup                    = System
       qmmethod                   = PBE
       qmfilenames                = 
       qmcharge                   = 0
       qmmultiplicity             = 1
     colvars:
       active                     = false
       configfile                 = 
       seed                       = -1
grpopts:
   nrdf:     9974.77      120228
   ref-t:         300         300
   tau-t:         0.1         0.1
annealing:          No          No
annealing-npoints:           0           0
   acc:	           0           0           0
   nfreeze:           N           N           N
   energygrp-flags[  0]: 0

Changing nstlist from 10 to 50, rlist from 1 to 1.107


Initializing Domain Decomposition on 4 ranks
Dynamic load balancing: auto
Using update groups, nr 22044, average size 2.9 atoms, max. radius 0.139 nm
Minimum cell size due to atom displacement: 0.406 nm
Initial maximum distances in bonded interactions:
    two-body bonded interactions: 0.427 nm, LJ-14, atoms 2626 2634
  multi-body bonded interactions: 0.496 nm, CMAP Dih., atoms 529 551
Minimum cell size due to bonded interactions: 0.545 nm
Scaling the initial minimum size with 1/0.8 (option -dds) = 1.25
Using 0 separate PME ranks because: there are too few total ranks for efficient splitting
Optimizing the DD grid for 4 cells with a minimum initial size of 0.682 nm
The maximum allowed number of cells is: X 12 Y 12 Z 12
Domain decomposition grid 4 x 1 x 1, separate PME ranks 0
PME domain decomposition: 4 x 1 x 1
Domain decomposition rank 0, coordinates 0 0 0

The initial number of communication pulses is: X 1
The initial domain decomposition cell size is: X 2.17 nm

The maximum allowed distance for atom groups involved in interactions is:
                 non-bonded interactions           1.385 nm
(the following are initial values, they could change due to box deformation)
            two-body bonded interactions  (-rdd)   1.385 nm
          multi-body bonded interactions  (-rdd)   1.385 nm

When dynamic load balancing gets turned on, these settings will change to:
The maximum number of communication pulses is: X 1
The minimum size for domain decomposition cells is 1.385 nm
The requested allowed shrink of DD cells (option -dds) is: 0.80
The allowed shrink of domain decomposition cells is: X 0.64
The maximum allowed distance for atom groups involved in interactions is:
                 non-bonded interactions           1.385 nm
            two-body bonded interactions  (-rdd)   1.385 nm
          multi-body bonded interactions  (-rdd)   1.385 nm

Using 4 MPI threads
Using 4 OpenMP threads per tMPI thread

System total charge: 0.000
Will do PME sum in reciprocal space for electrostatic interactions.

++++ PLEASE READ AND CITE THE FOLLOWING REFERENCE ++++
U. Essmann, L. Perera, M. L. Berkowitz, T. Darden, H. Lee and L. G. Pedersen 
A smooth particle mesh Ewald method
J. Chem. Phys. 103 (1995) pp. 8577-8592
-------- -------- --- Thank You --- -------- --------

Using a Gaussian width (1/beta) of 0.320163 nm for Ewald
Potential shift: LJ r^-12: -1.000e+00 r^-6: -1.000e+00, Ewald -1.000e-05
Initialized non-bonded Coulomb Ewald tables, spacing: 9.33e-04 size: 1073

Generated table with 1053 data points for 1-4 COUL.
Tabscale = 500 points/nm
Generated table with 1053 data points for 1-4 LJ6.
Tabscale = 500 points/nm
Generated table with 1053 data points for 1-4 LJ12.
Tabscale = 500 points/nm
Long Range LJ corr.: <C6> 3.2228e-04


Using SIMD4xM 4x4 nonbonded short-range kernels

Using a dual 4x4 pair-list setup updated with dynamic pruning:
  outer list: updated every 50 steps, buffer 0.107 nm, rlist 1.107 nm
  inner list: updated every 10 steps, buffer 0.001 nm, rlist 1.001 nm
At tolerance 0.005 kJ/mol/ps per atom, equivalent classical 1x1 list would be:
  outer list: updated every 50 steps, buffer 0.232 nm, rlist 1.232 nm
  inner list: updated every 10 steps, buffer 0.035 nm, rlist 1.035 nm

The average pressure is off by at most 0.45 bar due to missing LJ interactions

Using full Lennard-Jones parameter combination matrix

Linking all bonded interactions to atoms


Initializing LINear Constraint Solver

++++ PLEASE READ AND CITE THE FOLLOWING REFERENCE ++++
B. Hess and H. Bekker and H. J. C. Berendsen and J. G. E. M. Fraaije
LINCS: A Linear Constraint Solver for molecular simulations
J. Comp. Chem. 18 (1997) pp. 1463-1472
-------- -------- --- Thank You --- -------- --------

The number of constraints is 1980

++++ PLEASE READ AND CITE THE FOLLOWING REFERENCE ++++
S. Miyamoto and P. A. Kollman
SETTLE: An Analytical Version of the SHAKE and RATTLE Algorithms for Rigid
Water Models
J. Comp. Chem. 13 (1992) pp. 952-962
-------- -------- --- Thank You --- -------- --------


Intra-simulation communication will occur every 10 steps.

++++ PLEASE READ AND CITE THE FOLLOWING REFERENCE ++++
G. Bussi, D. Donadio and M. Parrinello
Canonical sampling through velocity rescaling
J. Chem. Phys. 126 (2007) pp. 014101
-------- -------- --- Thank You --- -------- --------

There are: 64100 Atoms
Atom distribution over 4 domains: av 16025 stddev 157 min 15835 max 16208
Center of mass motion removal mode is Linear
We have the following groups for center of mass motion removal:
  0:  rest

Started mdrun on rank 0 Wed Feb  5 12:03:45 2025

           Step           Time
              0        0.00000

   Energies (kJ/mol)
           Bond            U-B    Proper Dih.  Improper Dih.      CMAP Dih.
    3.36427e+03    8.98518e+03    1.11710e+04    5.47105e+02   -2.26643e+02
          LJ-14     Coulomb-14        LJ (SR)  Disper. corr.   Coulomb (SR)
    3.38811e+03    4.31184e+04    8.39807e+04   -8.52229e+03   -9.88616e+05
   Coul. recip. Position Rest.      Potential    Kinetic En.   Total Energy
    5.72037e+03    2.28148e-07   -8.37090e+05    1.62126e+05   -6.74964e+05
  Conserved En.    Temperature Pres. DC (bar) Pressure (bar)   Constr. rmsd
   -6.74925e+05    2.99521e+02   -2.17961e+02   -5.17974e+02    2.96680e-06


DD  step 49 load imb.: force  4.9%

step 150 Turning on dynamic load balancing, because the performance loss due to load imbalance is 3.7 %.

DD  step 499  vol min/aver 0.982  load imb.: force  7.2%
           Step           Time
            500        1.00000

   Energies (kJ/mol)
           Bond            U-B    Proper Dih.  Improper Dih.      CMAP Dih.
    3.40239e+03    9.14222e+03    1.12103e+04    4.89816e+02   -2.67998e+02
          LJ-14     Coulomb-14        LJ (SR)  Disper. corr.   Coulomb (SR)
    3.29399e+03    4.33263e+04    8.87124e+04   -9.01781e+03   -1.00309e+06
   Coul. recip. Position Rest.      Potential    Kinetic En.   Total Energy
    5.32752e+03    1.04907e+03   -8.46418e+05    1.63808e+05   -6.82609e+05
  Conserved En.    Temperature Pres. DC (bar) Pressure (bar)   Constr. rmsd
   -6.74254e+05    3.02629e+02   -2.44012e+02    6.31219e+02    2.89067e-06


DD  step 999  vol min/aver 0.952  load imb.: force  3.1%
           Step           Time
           1000        2.00000

   Energies (kJ/mol)
           Bond            U-B    Proper Dih.  Improper Dih.      CMAP Dih.
    3.32247e+03    9.02528e+03    1.12452e+04    5.53997e+02   -2.61231e+02
          LJ-14     Coulomb-14        LJ (SR)  Disper. corr.   Coulomb (SR)
    3.26212e+03    4.32008e+04    8.52132e+04   -8.79048e+03   -9.97394e+05
   Coul. recip. Position Rest.      Potential    Kinetic En.   Total Energy
    5.46230e+03    1.06896e+03   -8.44092e+05    1.62208e+05   -6.81884e+05
  Conserved En.    Temperature Pres. DC (bar) Pressure (bar)   Constr. rmsd
   -6.74043e+05    2.99673e+02   -2.31878e+02   -2.08142e+02    3.22464e-06


DD  step 1499  vol min/aver 0.971  load imb.: force  2.1%
           Step           Time
           1500        3.00000

   Energies (kJ/mol)
           Bond            U-B    Proper Dih.  Improper Dih.      CMAP Dih.
    3.37194e+03    9.29766e+03    1.11996e+04    4.75583e+02   -2.53007e+02
          LJ-14     Coulomb-14        LJ (SR)  Disper. corr.   Coulomb (SR)
    3.29124e+03    4.30914e+04    8.70705e+04   -8.87081e+03   -9.99642e+05
   Coul. recip. Position Rest.      Potential    Kinetic En.   Total Energy
    5.48984e+03    1.08743e+03   -8.44391e+05    1.62648e+05   -6.81743e+05
  Conserved En.    Temperature Pres. DC (bar) Pressure (bar)   Constr. rmsd
   -6.73963e+05    3.00485e+02   -2.36130e+02    1.33513e+02    2.79975e-06


DD  step 1999  vol min/aver 0.967  load imb.: force  3.3%
           Step           Time
           2000        4.00000

   Energies (kJ/mol)
           Bond            U-B    Proper Dih.  Improper Dih.      CMAP Dih.
    3.29151e+03    9.26250e+03    1.11638e+04    5.35138e+02   -2.76953e+02
          LJ-14     Coulomb-14        LJ (SR)  Disper. corr.   Coulomb (SR)
    3.33650e+03    4.29779e+04    8.62934e+04   -8.88805e+03   -9.99094e+05
   Coul. recip. Position Rest.      Potential    Kinetic En.   Total Energy
    5.44275e+03    1.08924e+03   -8.44867e+05    1.61433e+05   -6.83434e+05
  Conserved En.    Temperature Pres. DC (bar) Pressure (bar)   Constr. rmsd
   -6.73945e+05    2.98241e+02   -2.37048e+02    2.18122e+02    2.75755e-06


DD  step 2499  vol min/aver 0.959  load imb.: force  2.6%
           Step           Time
           2500        5.00000

   Energies (kJ/mol)
           Bond            U-B    Proper Dih.  Improper Dih.      CMAP Dih.
    3.38353e+03    9.17218e+03    1.13255e+04    5.82159e+02   -2.82732e+02
          LJ-14     Coulomb-14        LJ (SR)  Disper. corr.   Coulomb (SR)
    3.25996e+03    4.29446e+04    8.64808e+04   -8.82839e+03   -9.99425e+05
   Coul. recip. Position Rest.      Potential    Kinetic En.   Total Energy
    5.56600e+03    1.00535e+03   -8.44816e+05    1.62722e+05   -6.82094e+05
  Conserved En.    Temperature Pres. DC (bar) Pressure (bar)   Constr. rmsd
   -6.73944e+05    3.00623e+02   -2.33880e+02   -1.27894e+01    2.89860e-06


DD  step 2999  vol min/aver 0.991  load imb.: force  2.8%
           Step           Time
           3000        6.00000

   Energies (kJ/mol)
           Bond            U-B    Proper Dih.  Improper Dih.      CMAP Dih.
    3.25332e+03    9.10181e+03    1.12632e+04    5.60069e+02   -2.42174e+02
          LJ-14     Coulomb-14        LJ (SR)  Disper. corr.   Coulomb (SR)
    3.37565e+03    4.34317e+04    8.60559e+04   -8.81010e+03   -9.98807e+05
   Coul. recip. Position Rest.      Potential    Kinetic En.   Total Energy
    5.55232e+03    1.15863e+03   -8.44107e+05    1.62590e+05   -6.81517e+05
  Conserved En.    Temperature Pres. DC (bar) Pressure (bar)   Constr. rmsd
   -6.73927e+05    3.00378e+02   -2.32913e+02   -6.52320e+00    2.74326e-06


DD  step 3499  vol min/aver 0.968  load imb.: force  4.2%
           Step           Time
           3500        7.00000

   Energies (kJ/mol)
           Bond            U-B    Proper Dih.  Improper Dih.      CMAP Dih.
    3.40548e+03    9.38016e+03    1.10784e+04    6.03399e+02   -2.01980e+02
          LJ-14     Coulomb-14        LJ (SR)  Disper. corr.   Coulomb (SR)
    3.31275e+03    4.29245e+04    8.49459e+04   -8.90323e+03   -9.96052e+05
   Coul. recip. Position Rest.      Potential    Kinetic En.   Total Energy
    5.54452e+03    1.04342e+03   -8.42918e+05    1.62934e+05   -6.79984e+05
  Conserved En.    Temperature Pres. DC (bar) Pressure (bar)   Constr. rmsd
   -6.73872e+05    3.01014e+02   -2.37858e+02    9.76101e+01    2.85197e-06


DD  step 3999  vol min/aver 0.963  load imb.: force  9.0%

step 4000 Turning off dynamic load balancing, because it is degrading performance.
Atom distribution over 4 domains: av 16025 stddev 101 min 15885 max 16126
           Step           Time
           4000        8.00000

   Energies (kJ/mol)
           Bond            U-B    Proper Dih.  Improper Dih.      CMAP Dih.
    3.26689e+03    9.08010e+03    1.13016e+04    5.59789e+02   -2.61014e+02
          LJ-14     Coulomb-14        LJ (SR)  Disper. corr.   Coulomb (SR)
    3.36829e+03    4.33383e+04    8.44960e+04   -8.86992e+03   -9.97140e+05
   Coul. recip. Position Rest.      Potential    Kinetic En.   Total Energy
    5.51392e+03    1.06938e+03   -8.44276e+05    1.61694e+05   -6.82582e+05
  Conserved En.    Temperature Pres. DC (bar) Pressure (bar)   Constr. rmsd
   -6.73848e+05    2.98724e+02   -2.36083e+02    5.30061e+01    3.00324e-06


DD  step 4499 load imb.: force  6.1%
           Step           Time
           4500        9.00000

   Energies (kJ/mol)
           Bond            U-B    Proper Dih.  Improper Dih.      CMAP Dih.
    3.25401e+03    9.19567e+03    1.12501e+04    5.45871e+02   -2.62271e+02
          LJ-14     Coulomb-14        LJ (SR)  Disper. corr.   Coulomb (SR)
    3.22684e+03    4.33842e+04    8.69480e+04   -8.89264e+03   -1.00100e+06
   Coul. recip. Position Rest.      Potential    Kinetic En.   Total Energy
    5.38935e+03    1.17343e+03   -8.45790e+05    1.62286e+05   -6.83504e+05
  Conserved En.    Temperature Pres. DC (bar) Pressure (bar)   Constr. rmsd
   -6.73830e+05    2.99816e+02   -2.37293e+02    8.44911e+01    2.97873e-06


DD  step 4999 load imb.: force  6.0%
           Step           Time
           5000       10.00000

   Energies (kJ/mol)
           Bond            U-B    Proper Dih.  Improper Dih.      CMAP Dih.
    3.14840e+03    9.08279e+03    1.12064e+04    5.37067e+02   -2.07680e+02
          LJ-14     Coulomb-14        LJ (SR)  Disper. corr.   Coulomb (SR)
    3.30966e+03    4.32982e+04    8.50798e+04   -8.83146e+03   -9.97936e+05
   Coul. recip. Position Rest.      Potential    Kinetic En.   Total Energy
    5.48613e+03    1.13369e+03   -8.44693e+05    1.61522e+05   -6.83171e+05
  Conserved En.    Temperature Pres. DC (bar) Pressure (bar)   Constr. rmsd
   -6.73804e+05    2.98405e+02   -2.34043e+02    7.93941e+01    3.07151e-06


DD  step 5499 load imb.: force  3.6%
           Step           Time
           5500       11.00000

   Energies (kJ/mol)
           Bond            U-B    Proper Dih.  Improper Dih.      CMAP Dih.
    3.32033e+03    9.19698e+03    1.12756e+04    5.25398e+02   -2.32627e+02
          LJ-14     Coulomb-14        LJ (SR)  Disper. corr.   Coulomb (SR)
    3.31438e+03    4.32248e+04    8.50889e+04   -8.88177e+03   -9.98063e+05
   Coul. recip. Position Rest.      Potential    Kinetic En.   Total Energy
    5.51446e+03    1.07407e+03   -8.44642e+05    1.61894e+05   -6.82748e+05
  Conserved En.    Temperature Pres. DC (bar) Pressure (bar)   Constr. rmsd
   -6.73735e+05    2.99093e+02   -2.36714e+02    1.48319e+01    3.03599e-06


DD  step 5999 load imb.: force  4.2%
           Step           Time
           6000       12.00000

   Energies (kJ/mol)
           Bond            U-B    Proper Dih.  Improper Dih.      CMAP Dih.
    3.39441e+03    8.98297e+03    1.11652e+04    5.69101e+02   -1.96711e+02
          LJ-14     Coulomb-14        LJ (SR)  Disper. corr.   Coulomb (SR)
    3.28832e+03    4.32494e+04    8.51134e+04   -8.84726e+03   -9.96854e+05
   Coul. recip. Position Rest.      Potential    Kinetic En.   Total Energy
    5.48018e+03    1.17033e+03   -8.43485e+05    1.62105e+05   -6.81380e+05
  Conserved En.    Temperature Pres. DC (bar) Pressure (bar)   Constr. rmsd
   -6.73733e+05    2.99482e+02   -2.34880e+02   -1.12729e+02    2.79465e-06


DD  step 6499 load imb.: force  4.1%
           Step           Time
           6500       13.00000

   Energies (kJ/mol)
           Bond            U-B    Proper Dih.  Improper Dih.      CMAP Dih.
    3.34247e+03    9.24212e+03    1.11672e+04    5.19762e+02   -2.20004e+02
          LJ-14     Coulomb-14        LJ (SR)  Disper. corr.   Coulomb (SR)
    3.26041e+03    4.32292e+04    8.60699e+04   -8.85369e+03   -9.98223e+05
   Coul. recip. Position Rest.      Potential    Kinetic En.   Total Energy
    5.64133e+03    1.07402e+03   -8.43751e+05    1.62954e+05   -6.80797e+05
  Conserved En.    Temperature Pres. DC (bar) Pressure (bar)   Constr. rmsd
   -6.73730e+05    3.01051e+02   -2.35221e+02    2.78010e+01    3.04974e-06


DD  step 6999 load imb.: force  4.2%
           Step           Time
           7000       14.00000

   Energies (kJ/mol)
           Bond            U-B    Proper Dih.  Improper Dih.      CMAP Dih.
    3.45852e+03    9.03735e+03    1.12254e+04    4.95021e+02   -2.47262e+02
          LJ-14     Coulomb-14        LJ (SR)  Disper. corr.   Coulomb (SR)
    3.32211e+03    4.32503e+04    8.66082e+04   -8.87760e+03   -9.98366e+05
   Coul. recip. Position Rest.      Potential    Kinetic En.   Total Energy
    5.49710e+03    1.04118e+03   -8.43556e+05    1.62444e+05   -6.81112e+05
  Conserved En.    Temperature Pres. DC (bar) Pressure (bar)   Constr. rmsd
   -6.73670e+05    3.00108e+02   -2.36492e+02    1.70160e+02    3.10942e-06


DD  step 7499 load imb.: force  5.8%
           Step           Time
           7500       15.00000

   Energies (kJ/mol)
           Bond            U-B    Proper Dih.  Improper Dih.      CMAP Dih.
    3.28604e+03    9.17867e+03    1.11103e+04    6.20342e+02   -2.48461e+02
          LJ-14     Coulomb-14        LJ (SR)  Disper. corr.   Coulomb (SR)
    3.25162e+03    4.33139e+04    8.54729e+04   -8.87811e+03   -9.97406e+05
   Coul. recip. Position Rest.      Potential    Kinetic En.   Total Energy
    5.43523e+03    1.13387e+03   -8.43730e+05    1.62886e+05   -6.80844e+05
  Conserved En.    Temperature Pres. DC (bar) Pressure (bar)   Constr. rmsd
   -6.73550e+05    3.00926e+02   -2.36519e+02    1.75064e+02    3.25954e-06


DD  step 7999 load imb.: force  6.6%
           Step           Time
           8000       16.00000

   Energies (kJ/mol)
           Bond            U-B    Proper Dih.  Improper Dih.      CMAP Dih.
    3.31864e+03    9.11065e+03    1.12784e+04    5.27307e+02   -2.56487e+02
          LJ-14     Coulomb-14        LJ (SR)  Disper. corr.   Coulomb (SR)
    3.26331e+03    4.32544e+04    8.51076e+04   -8.86497e+03   -9.96674e+05
   Coul. recip. Position Rest.      Potential    Kinetic En.   Total Energy
    5.62472e+03    1.11310e+03   -8.43198e+05    1.62670e+05   -6.80528e+05
  Conserved En.    Temperature Pres. DC (bar) Pressure (bar)   Constr. rmsd
   -6.73527e+05    3.00526e+02   -2.35820e+02   -3.75418e+00    2.94961e-06


DD  step 8499 load imb.: force  2.9%
           Step           Time
           8500       17.00000

   Energies (kJ/mol)
           Bond            U-B    Proper Dih.  Improper Dih.      CMAP Dih.
    3.20853e+03    9.25317e+03    1.10736e+04    4.84864e+02   -2.53735e+02
          LJ-14     Coulomb-14        LJ (SR)  Disper. corr.   Coulomb (SR)
    3.31352e+03    4.32228e+04    8.56112e+04   -8.85412e+03   -9.98922e+05
   Coul. recip. Position Rest.      Potential    Kinetic En.   Total Energy
    5.47509e+03    1.19741e+03   -8.45190e+05    1.62431e+05   -6.82759e+05
  Conserved En.    Temperature Pres. DC (bar) Pressure (bar)   Constr. rmsd
   -6.73514e+05    3.00084e+02   -2.35244e+02   -8.20603e+01    2.90366e-06


DD  step 8999 load imb.: force  3.1%
           Step           Time
           9000       18.00000

   Energies (kJ/mol)
           Bond            U-B    Proper Dih.  Improper Dih.      CMAP Dih.
    3.34194e+03    9.08897e+03    1.10704e+04    5.11055e+02   -1.94938e+02
          LJ-14     Coulomb-14        LJ (SR)  Disper. corr.   Coulomb (SR)
    3.26017e+03    4.32854e+04    8.47552e+04   -8.86402e+03   -9.97715e+05
   Coul. recip. Position Rest.      Potential    Kinetic En.   Total Energy
    5.47496e+03    1.18357e+03   -8.44802e+05    1.62239e+05   -6.82563e+05
  Conserved En.    Temperature Pres. DC (bar) Pressure (bar)   Constr. rmsd
   -6.73498e+05    2.99730e+02   -2.35770e+02   -1.15192e+02    2.90090e-06


DD  step 9499 load imb.: force  3.4%
           Step           Time
           9500       19.00000

   Energies (kJ/mol)
           Bond            U-B    Proper Dih.  Improper Dih.      CMAP Dih.
    3.31553e+03    9.28494e+03    1.11004e+04    5.32991e+02   -2.61080e+02
          LJ-14     Coulomb-14        LJ (SR)  Disper. corr.   Coulomb (SR)
    3.24309e+03    4.32794e+04    8.52044e+04   -8.89907e+03   -9.97730e+05
   Coul. recip. Position Rest.      Potential    Kinetic En.   Total Energy
    5.55023e+03    1.15345e+03   -8.44225e+05    1.63271e+05   -6.80954e+05
  Conserved En.    Temperature Pres. DC (bar) Pressure (bar)   Constr. rmsd
   -6.73480e+05    3.01636e+02   -2.37636e+02    2.10585e+01    3.05660e-06


DD  step 9999 load imb.: force  8.0%

step 10000 Turning on dynamic load balancing, because the performance loss due to load imbalance is 3.1 %.
           Step           Time
          10000       20.00000

Writing checkpoint, step 10000 at Wed Feb  5 12:05:50 2025


   Energies (kJ/mol)
           Bond            U-B    Proper Dih.  Improper Dih.      CMAP Dih.
    3.42729e+03    9.22295e+03    1.11592e+04    5.48138e+02   -2.35510e+02
          LJ-14     Coulomb-14        LJ (SR)  Disper. corr.   Coulomb (SR)
    3.25041e+03    4.31899e+04    8.43932e+04   -8.85126e+03   -9.95270e+05
   Coul. recip. Position Rest.      Potential    Kinetic En.   Total Energy
    5.54189e+03    1.19411e+03   -8.42430e+05    1.63325e+05   -6.79105e+05
  Conserved En.    Temperature Pres. DC (bar) Pressure (bar)   Constr. rmsd
   -6.73451e+05    3.01736e+02   -2.35092e+02   -6.32032e+01    3.12381e-06


Energy conservation over simulation part #1 of length 20 ps, time 0 to 20 ps
  Conserved energy drift: 1.15e-03 kJ/mol/ps per atom


	<======  ###############  ==>
	<====  A V E R A G E S  ====>
	<==  ###############  ======>

	Statistics over 10001 steps using 101 frames

   Energies (kJ/mol)
           Bond            U-B    Proper Dih.  Improper Dih.      CMAP Dih.
    3.30873e+03    9.17375e+03    1.11929e+04    5.41961e+02   -2.33760e+02
          LJ-14     Coulomb-14        LJ (SR)  Disper. corr.   Coulomb (SR)
    3.28338e+03    4.32532e+04    8.55569e+04   -8.85667e+03   -9.97679e+05
   Coul. recip. Position Rest.      Potential    Kinetic En.   Total Energy
    5.50143e+03    1.09775e+03   -8.43860e+05    1.62327e+05   -6.81533e+05
  Conserved En.    Temperature Pres. DC (bar) Pressure (bar)   Constr. rmsd
   -6.73814e+05    2.99892e+02   -2.35389e+02    1.52540e+01    0.00000e+00

          Box-X          Box-Y          Box-Z
    8.55244e+00    8.55244e+00    8.55244e+00

   Total Virial (kJ/mol)
    5.36717e+04    2.56976e+02    6.55661e+02
    2.57203e+02    5.40862e+04    6.53642e+01
    6.55528e+02    6.50488e+01    5.37483e+04

   Pressure (bar)
    2.71778e+01   -1.34112e+01   -3.82218e+01
   -1.34233e+01    1.76524e+00   -1.12360e+00
   -3.82148e+01   -1.10688e+00    1.68189e+01

      T-Protein  T-non-Protein
    2.99764e+02    2.99903e+02


	M E G A - F L O P S   A C C O U N T I N G

 NB=Group-cutoff nonbonded kernels    NxN=N-by-N cluster Verlet kernels
 RF=Reaction-Field  VdW=Van der Waals  QSTab=quadratic-spline table
 W3=SPC/TIP3p  W4=TIP4p (single or pairs)
 V&F=Potential and force  V=Potential only  F=Force only

 Computing:                               M-Number         M-Flops  % Flops
-----------------------------------------------------------------------------
 Pair Search distance check            5080.858264       45727.724     0.2
 NxN Ewald Elec. + LJ [F]            314046.246088    20727052.242    92.5
 NxN Ewald Elec. + LJ [V&F]            3203.757384      342802.040     1.5
 NxN Ewald Elec. [F]                   3243.598072      197859.482     0.9
 NxN Ewald Elec. [V&F]                   33.112888        2781.483     0.0
 1,4 nonbonded interactions             105.140513        9462.646     0.0
 Calc Weights                          1923.192300       69234.923     0.3
 Spread Q Bspline                     41028.102400       82056.205     0.4
 Gather F Bspline                     41028.102400      246168.614     1.1
 3D-FFT                               61197.979186      489583.833     2.2
 Solve PME                              909.530944       58209.980     0.3
 Reset In Box                            12.755900          38.268     0.0
 CG-CoM                                  12.884100          38.652     0.0
 Bonds                                   20.572057        1213.751     0.0
 Propers                                104.460445       23921.442     0.1
 Impropers                                6.470647        1345.895     0.0
 Pos. Restr.                             20.052005        1002.600     0.0
 Virial                                  12.920280         232.565     0.0
 Stop-CM                                  6.474100          64.741     0.0
 Calc-Ekin                              128.328200        3464.861     0.0
 Lincs                                   19.801980        1188.119     0.0
 Lincs-Mat                              101.290128         405.161     0.0
 Constraint-V                           640.804074        5767.237     0.0
 Constraint-Vir                          12.480894         299.541     0.0
 Settle                                 200.400038       74148.014     0.3
 CMAP                                     2.390239        4063.406     0.0
 Urey-Bradley                            72.907290       13342.034     0.1
-----------------------------------------------------------------------------
 Total                                                22401475.461   100.0
-----------------------------------------------------------------------------


    D O M A I N   D E C O M P O S I T I O N   S T A T I S T I C S

 av. #atoms communicated per step for force:  2 x 37369.6


Dynamic load balancing report:
 DLB was turned on during the run due to measured imbalance.
 Average load imbalance: 4.2%.
 The balanceable part of the MD step is 73%, load imbalance is computed from this.
 Part of the total run time spent waiting due to load imbalance: 3.1%.
 Steps where the load balancing was limited by -rdd, -rcon and/or -dds: X 0 %


      R E A L   C Y C L E   A N D   T I M E   A C C O U N T I N G

On 4 MPI ranks, each using 4 OpenMP threads

 Activity:              Num   Num      Call    Wall time         Giga-Cycles
                        Ranks Threads  Count      (s)         total sum    %
--------------------------------------------------------------------------------
 Domain decomp.            4    4        200       0.387          0.149   0.3
 DD comm. load             4    4        140       0.003          0.001   0.0
 DD comm. bounds           4    4         78       0.001          0.000   0.0
 Neighbor search           4    4        201       1.124          0.432   0.9
 Comm. coord.              4    4       9800       0.318          0.122   0.3
 Force                     4    4      10001      88.928         34.148  70.9
 Wait + Comm. F            4    4      10001       0.160          0.061   0.1
 PME mesh                  4    4      10001      29.013         11.141  23.1
 NB X/F buffer ops.        4    4      29601       1.968          0.756   1.6
 Write traj.               4    4         21       0.079          0.030   0.1
 Update                    4    4      10001       1.339          0.514   1.1
 Constraints               4    4      10001       1.646          0.632   1.3
 Comm. energies            4    4       1001       0.253          0.097   0.2
 Rest                                              0.242          0.093   0.2
--------------------------------------------------------------------------------
 Total                                           125.461         48.176 100.0
--------------------------------------------------------------------------------
 Breakdown of PME mesh activities
--------------------------------------------------------------------------------
 PME redist. X/F           4    4      20002      18.318          7.034  14.6
 PME spread                4    4      10001       3.578          1.374   2.9
 PME gather                4    4      10001       3.128          1.201   2.5
 PME 3D-FFT                4    4      20002       2.961          1.137   2.4
 PME 3D-FFT Comm.          4    4      20002       0.596          0.229   0.5
 PME solve Elec            4    4      10001       0.132          0.051   0.1
--------------------------------------------------------------------------------

               Core t (s)   Wall t (s)        (%)
       Time:     2007.378      125.461     1600.0
                 (ns/day)    (hour/ns)
Performance:       13.775        1.742
Finished mdrun on rank 0 Wed Feb  5 12:05:50 2025

